Using pre-set license
Built from '2022.3/staging' branch; Version is '2022.3.4f1 (35713cd46cd7) revision 3502396'; Using compiler version '192829333'; Build Type 'Release'
OS: 'Windows 11  (10.0.22621) 64bit Education' Language: 'en' Physical Memory: 16309 MB
BatchMode: 1, IsHumanControllingUs: 0, StartBugReporterOnCrash: 0, Is64bit: 1, IsPro: 1

COMMAND LINE ARGUMENTS:
C:\Program Files\Unity\Hub\Editor\2022.3.4f1\Editor\Unity.exe
-adb2
-batchMode
-noUpm
-name
AssetImportWorker0
-projectPath
C:/Users/Student/VRWeek10_Escarcha
-logFile
Logs/AssetImportWorker0.log
-srvPort
52166
Successfully changed project path to: C:/Users/Student/VRWeek10_Escarcha
C:/Users/Student/VRWeek10_Escarcha
[UnityMemory] Configuration Parameters - Can be set up in boot.config
    "memorysetup-bucket-allocator-granularity=16"
    "memorysetup-bucket-allocator-bucket-count=8"
    "memorysetup-bucket-allocator-block-size=33554432"
    "memorysetup-bucket-allocator-block-count=8"
    "memorysetup-main-allocator-block-size=16777216"
    "memorysetup-thread-allocator-block-size=16777216"
    "memorysetup-gfx-main-allocator-block-size=16777216"
    "memorysetup-gfx-thread-allocator-block-size=16777216"
    "memorysetup-cache-allocator-block-size=4194304"
    "memorysetup-typetree-allocator-block-size=2097152"
    "memorysetup-profiler-bucket-allocator-granularity=16"
    "memorysetup-profiler-bucket-allocator-bucket-count=8"
    "memorysetup-profiler-bucket-allocator-block-size=33554432"
    "memorysetup-profiler-bucket-allocator-block-count=8"
    "memorysetup-profiler-allocator-block-size=16777216"
    "memorysetup-profiler-editor-allocator-block-size=1048576"
    "memorysetup-temp-allocator-size-main=16777216"
    "memorysetup-job-temp-allocator-block-size=2097152"
    "memorysetup-job-temp-allocator-block-size-background=1048576"
    "memorysetup-job-temp-allocator-reduction-small-platforms=262144"
    "memorysetup-allocator-temp-initial-block-size-main=262144"
    "memorysetup-allocator-temp-initial-block-size-worker=262144"
    "memorysetup-temp-allocator-size-background-worker=32768"
    "memorysetup-temp-allocator-size-job-worker=262144"
    "memorysetup-temp-allocator-size-preload-manager=33554432"
    "memorysetup-temp-allocator-size-nav-mesh-worker=65536"
    "memorysetup-temp-allocator-size-audio-worker=65536"
    "memorysetup-temp-allocator-size-cloud-worker=32768"
    "memorysetup-temp-allocator-size-gi-baking-worker=262144"
    "memorysetup-temp-allocator-size-gfx=262144"
Player connection [18072] Host "[IP] 10.0.2.113 [Port] 0 [Flags] 2 [Guid] 4115345702 [EditorId] 4115345702 [Version] 1048832 [Id] WindowsEditor(7,ciit602pc11) [Debug] 1 [PackageName] WindowsEditor [ProjectName] Editor" joined multi-casting on [225.0.0.222:54997]...

Player connection [18072] Host "[IP] 10.0.2.113 [Port] 0 [Flags] 2 [Guid] 4115345702 [EditorId] 4115345702 [Version] 1048832 [Id] WindowsEditor(7,ciit602pc11) [Debug] 1 [PackageName] WindowsEditor [ProjectName] Editor" joined alternative multi-casting on [225.0.0.222:34997]...

Refreshing native plugins compatible for Editor in 8.44 ms, found 4 plugins.
Preloading 0 native plugins for Editor in 0.00 ms.
Initialize engine version: 2022.3.4f1 (35713cd46cd7)
[Subsystems] Discovering subsystems at path C:/Program Files/Unity/Hub/Editor/2022.3.4f1/Editor/Data/Resources/UnitySubsystems
[Subsystems] Discovering subsystems at path C:/Users/Student/VRWeek10_Escarcha/Assets
GfxDevice: creating device client; threaded=0; jobified=0
Direct3D:
    Version:  Direct3D 11.0 [level 11.1]
    Renderer: NVIDIA GeForce RTX 3050 (ID=0x2507)
    Vendor:   NVIDIA
    VRAM:     8056 MB
    Driver:   31.0.15.3179
Initialize mono
Mono path[0] = 'C:/Program Files/Unity/Hub/Editor/2022.3.4f1/Editor/Data/Managed'
Mono path[1] = 'C:/Program Files/Unity/Hub/Editor/2022.3.4f1/Editor/Data/MonoBleedingEdge/lib/mono/unityjit-win32'
Mono config path = 'C:/Program Files/Unity/Hub/Editor/2022.3.4f1/Editor/Data/MonoBleedingEdge/etc'
Using monoOptions --debugger-agent=transport=dt_socket,embedding=1,server=y,suspend=n,address=127.0.0.1:56492
Begin MonoManager ReloadAssembly
Registering precompiled unity dll's ...
Register platform support module: C:/Program Files/Unity/Hub/Editor/2022.3.4f1/Editor/Data/PlaybackEngines/WebGLSupport/UnityEditor.WebGL.Extensions.dll
Register platform support module: C:/Program Files/Unity/Hub/Editor/2022.3.4f1/Editor/Data/PlaybackEngines/WindowsStandaloneSupport/UnityEditor.WindowsStandalone.Extensions.dll
Registered in 0.006169 seconds.
- Loaded All Assemblies, in  0.264 seconds
Native extension for WindowsStandalone target not found
Native extension for WebGL target not found
Mono: successfully reloaded assembly
- Finished resetting the current domain, in  0.184 seconds
Domain Reload Profiling: 447ms
	BeginReloadAssembly (80ms)
		ExecutionOrderSort (0ms)
		DisableScriptedObjects (0ms)
		BackupInstance (0ms)
		ReleaseScriptingObjects (0ms)
		CreateAndSetChildDomain (1ms)
	RebuildCommonClasses (24ms)
	RebuildNativeTypeToScriptingClass (7ms)
	initialDomainReloadingComplete (42ms)
	LoadAllAssembliesAndSetupDomain (108ms)
		LoadAssemblies (79ms)
		RebuildTransferFunctionScriptingTraits (0ms)
		AnalyzeDomain (103ms)
			TypeCache.Refresh (103ms)
				TypeCache.ScanAssembly (93ms)
			ScanForSourceGeneratedMonoScriptInfo (0ms)
			ResolveRequiredComponents (0ms)
	FinalizeReload (184ms)
		ReleaseScriptCaches (0ms)
		RebuildScriptCaches (0ms)
		SetupLoadedEditorAssemblies (145ms)
			LogAssemblyErrors (0ms)
			InitializePlatformSupportModulesInManaged (8ms)
			SetLoadedEditorAssemblies (4ms)
			RefreshPlugins (0ms)
			BeforeProcessingInitializeOnLoad (2ms)
			ProcessInitializeOnLoadAttributes (99ms)
			ProcessInitializeOnLoadMethodAttributes (33ms)
			AfterProcessingInitializeOnLoad (0ms)
			EditorAssembliesLoaded (0ms)
		ExecutionOrderSort2 (0ms)
		AwakeInstancesAfterBackupRestoration (0ms)
========================================================================
Worker process is ready to serve import requests
Begin MonoManager ReloadAssembly
- Loaded All Assemblies, in  0.590 seconds
Refreshing native plugins compatible for Editor in 3.61 ms, found 4 plugins.
Native extension for WindowsStandalone target not found
Native extension for WebGL target not found
Package Manager log level set to [2]
[Package Manager] Server::EnsureServerProcessIsRunning -- launch failed, reason: Unity was launched with the -noUpm command-line argument
[Package Manager] UpmClient::Send -- Unable to send message (not connected to UPM process).
[Package Manager] Cannot connect to Unity Package Manager local server
Mono: successfully reloaded assembly
[Package Manager] Server::EnsureServerProcessIsRunning -- launch failed, reason: Unity was launched with the -noUpm command-line argument
[Package Manager] UpmClient::Send -- Unable to send message (not connected to UPM process).
[Package Manager] Cannot connect to Unity Package Manager local server
[Package Manager] Server::EnsureServerProcessIsRunning -- launch failed, reason: Unity was launched with the -noUpm command-line argument
[Package Manager] UpmClient::Send -- Unable to send message (not connected to UPM process).
[Package Manager] Cannot connect to Unity Package Manager local server
- Finished resetting the current domain, in  0.460 seconds
Domain Reload Profiling: 1048ms
	BeginReloadAssembly (96ms)
		ExecutionOrderSort (0ms)
		DisableScriptedObjects (4ms)
		BackupInstance (0ms)
		ReleaseScriptingObjects (0ms)
		CreateAndSetChildDomain (18ms)
	RebuildCommonClasses (23ms)
	RebuildNativeTypeToScriptingClass (8ms)
	initialDomainReloadingComplete (31ms)
	LoadAllAssembliesAndSetupDomain (429ms)
		LoadAssemblies (218ms)
		RebuildTransferFunctionScriptingTraits (0ms)
		AnalyzeDomain (256ms)
			TypeCache.Refresh (224ms)
				TypeCache.ScanAssembly (214ms)
			ScanForSourceGeneratedMonoScriptInfo (24ms)
			ResolveRequiredComponents (8ms)
	FinalizeReload (460ms)
		ReleaseScriptCaches (0ms)
		RebuildScriptCaches (0ms)
		SetupLoadedEditorAssemblies (345ms)
			LogAssemblyErrors (0ms)
			InitializePlatformSupportModulesInManaged (5ms)
			SetLoadedEditorAssemblies (3ms)
			RefreshPlugins (0ms)
			BeforeProcessingInitializeOnLoad (61ms)
			ProcessInitializeOnLoadAttributes (219ms)
			ProcessInitializeOnLoadMethodAttributes (52ms)
			AfterProcessingInitializeOnLoad (5ms)
			EditorAssembliesLoaded (0ms)
		ExecutionOrderSort2 (0ms)
		AwakeInstancesAfterBackupRestoration (5ms)
Launched and connected shader compiler UnityShaderCompiler.exe after 0.05 seconds
Refreshing native plugins compatible for Editor in 4.30 ms, found 4 plugins.
Preloading 0 native plugins for Editor in 0.00 ms.
Unloading 5880 Unused Serialized files (Serialized files now loaded: 0)
Unloading 93 unused Assets / (0.8 MB). Loaded Objects now: 6330.
Memory consumption went from 218.5 MB to 217.8 MB.
Total: 3.815300 ms (FindLiveObjects: 0.409400 ms CreateObjectMapping: 0.313700 ms MarkObjects: 2.764000 ms  DeleteObjects: 0.327600 ms)

AssetImportParameters requested are different than current active one (requested -> active):
  custom:container-demuxer-ogg: 62fdf1f143b41e24485cea50d1cbac27 -> 
  custom:video-codec-MediaFoundation-h265: 746d11721c4dcdbdad8f713fa42b33f4 -> 
  custom:video-decoder-ogg-theora: a1e56fd34408186e4bbccfd4996cb3dc -> 
  custom:framework-win-MediaFoundation: 216162199b28c13a410421893ffa2e32 -> 
  custom:CustomObjectIndexerAttribute: a3ef5dd2817f97addfee359851a9dba5 -> 
  custom:container-demuxer-webm: 4f35f7cbe854078d1ac9338744f61a02 -> 
  custom:container-muxer-webm: aa71ff27fc2769a1b78a27578f13a17b -> 
  custom:video-decoder-webm-vp8: 9c59270c3fd7afecdb556c50c9e8de78 -> 
  custom:AudioImporter_EditorPlatform: d09bf68614088b80899f8185d706f6e7 -> 
  custom:video-encoder-webm-vp8: eb34c28f22e8b96e1ab97ce403110664 -> 
  custom:audio-decoder-ogg-vorbis: bf7c407c2cedff20999df2af8eb42d56 -> 
  custom:audio-encoder-webm-vorbis: bf7c407c2cedff20999df2af8eb42d56 -> 
========================================================================
Received Import Request.
  Time since last request: 3389.801746 seconds.
  path: Assets/XRI/Settings/XRInteractionEditorSettings.asset
  artifactKey: Guid(d89b96b36ab82fa4296f24638ccbcaca) Importer(815301076,1909f56bfc062723c751e8b465ee728b)
Start importing Assets/XRI/Settings/XRInteractionEditorSettings.asset using Guid(d89b96b36ab82fa4296f24638ccbcaca) Importer(815301076,1909f56bfc062723c751e8b465ee728b)  -> (artifact id: 'fd4c7df89da40bc560ab43e34dbeb402') in 0.006983 seconds
Number of updated asset objects reloaded before import = 0
Number of asset objects unloaded after import = 1
========================================================================
Received Import Request.
  Time since last request: 1.305844 seconds.
  path: Assets/oculus-controller-art-v1.5/Oculus Go
  artifactKey: Guid(2cb9e1fc6d3103c489d9d69dafa5634f) Importer(815301076,1909f56bfc062723c751e8b465ee728b)
Start importing Assets/oculus-controller-art-v1.5/Oculus Go using Guid(2cb9e1fc6d3103c489d9d69dafa5634f) Importer(815301076,1909f56bfc062723c751e8b465ee728b)  -> (artifact id: '5a8c363b0f6e74f4f957596bf4c9874c') in 0.000367 seconds
Number of updated asset objects reloaded before import = 0
Number of asset objects unloaded after import = 0
========================================================================
Received Import Request.
  Time since last request: 0.513335 seconds.
  path: Assets/oculus-controller-art-v1.5/Oculus Touch for Quest & Rift S
  artifactKey: Guid(aa9c7fa9b3b28c146bee70bbc7d2123e) Importer(815301076,1909f56bfc062723c751e8b465ee728b)
Start importing Assets/oculus-controller-art-v1.5/Oculus Touch for Quest & Rift S using Guid(aa9c7fa9b3b28c146bee70bbc7d2123e) Importer(815301076,1909f56bfc062723c751e8b465ee728b)  -> (artifact id: 'f1dc9f68fe266cd9fb1c7e2620882eff') in 0.000372 seconds
Number of updated asset objects reloaded before import = 0
Number of asset objects unloaded after import = 0
========================================================================
Received Import Request.
  Time since last request: 0.818205 seconds.
  path: Assets/oculus-controller-art-v1.5/Oculus Touch for Quest 2
  artifactKey: Guid(86569fc235c1ee04eb44bc3510043704) Importer(815301076,1909f56bfc062723c751e8b465ee728b)
Start importing Assets/oculus-controller-art-v1.5/Oculus Touch for Quest 2 using Guid(86569fc235c1ee04eb44bc3510043704) Importer(815301076,1909f56bfc062723c751e8b465ee728b)  -> (artifact id: '7c3cca182a0de751178c9147009d4f1e') in 0.000371 seconds
Number of updated asset objects reloaded before import = 0
Number of asset objects unloaded after import = 0
========================================================================
Received Import Request.
  Time since last request: 0.514490 seconds.
  path: Assets/oculus-controller-art-v1.5/Oculus Touch for Quest Pro
  artifactKey: Guid(f3c2db392b9832a4fb66fa9f4b4982b4) Importer(815301076,1909f56bfc062723c751e8b465ee728b)
Start importing Assets/oculus-controller-art-v1.5/Oculus Touch for Quest Pro using Guid(f3c2db392b9832a4fb66fa9f4b4982b4) Importer(815301076,1909f56bfc062723c751e8b465ee728b)  -> (artifact id: '44d58d8dfd2219b57733d8e59da743e3') in 0.000370 seconds
Number of updated asset objects reloaded before import = 0
Number of asset objects unloaded after import = 0
========================================================================
Received Import Request.
  Time since last request: 0.897159 seconds.
  path: Assets/oculus-controller-art-v1.5/Oculus Touch for Quest 2/Quest2_controller.png
  artifactKey: Guid(50d260590ec10e34cb17cab7e79225cf) Importer(815301076,1909f56bfc062723c751e8b465ee728b)
Start importing Assets/oculus-controller-art-v1.5/Oculus Touch for Quest 2/Quest2_controller.png using Guid(50d260590ec10e34cb17cab7e79225cf) Importer(815301076,1909f56bfc062723c751e8b465ee728b)  -> (artifact id: 'e01e4314c343eaed6f93885e179bd611') in 0.002575 seconds
Number of updated asset objects reloaded before import = 0
Number of asset objects unloaded after import = 1
========================================================================
Received Import Request.
  Time since last request: 0.000011 seconds.
  path: Assets/oculus-controller-art-v1.5/Oculus Touch for Quest 2/quest2_controllers_div1.fbx
  artifactKey: Guid(3ffaaecaa4e51934eab485201f8f0271) Importer(815301076,1909f56bfc062723c751e8b465ee728b)
Start importing Assets/oculus-controller-art-v1.5/Oculus Touch for Quest 2/quest2_controllers_div1.fbx using Guid(3ffaaecaa4e51934eab485201f8f0271) Importer(815301076,1909f56bfc062723c751e8b465ee728b)  -> (artifact id: '174b721b8213aa0aa49e5c9dab830c52') in 0.002795 seconds
Number of updated asset objects reloaded before import = 0
Number of asset objects unloaded after import = 40
========================================================================
Received Import Request.
  Time since last request: 78.920703 seconds.
  path: Assets/oculus-controller-art-v1.5/Oculus Touch for Quest 2/quest2Textures1k
  artifactKey: Guid(bad949ac806be024f80dd269c7fef0db) Importer(815301076,1909f56bfc062723c751e8b465ee728b)
Start importing Assets/oculus-controller-art-v1.5/Oculus Touch for Quest 2/quest2Textures1k using Guid(bad949ac806be024f80dd269c7fef0db) Importer(815301076,1909f56bfc062723c751e8b465ee728b)  -> (artifact id: 'ade366a6b803c1b3333febf60f3e3db7') in 0.000405 seconds
Number of updated asset objects reloaded before import = 0
Number of asset objects unloaded after import = 0
========================================================================
Received Import Request.
  Time since last request: 0.126266 seconds.
  path: Assets/oculus-controller-art-v1.5/Oculus Touch for Quest 2/quest2Textures1k/nextControllerBoth_color1k.png
  artifactKey: Guid(001894beff7d319478ea4523178b9a9d) Importer(815301076,1909f56bfc062723c751e8b465ee728b)
Start importing Assets/oculus-controller-art-v1.5/Oculus Touch for Quest 2/quest2Textures1k/nextControllerBoth_color1k.png using Guid(001894beff7d319478ea4523178b9a9d) Importer(815301076,1909f56bfc062723c751e8b465ee728b)  -> (artifact id: '5d2dbd039d7f734fa19531e9a387308b') in 0.001509 seconds
Number of updated asset objects reloaded before import = 0
Number of asset objects unloaded after import = 1
========================================================================
Received Import Request.
  Time since last request: 0.000010 seconds.
  path: Assets/oculus-controller-art-v1.5/Oculus Touch for Quest 2/quest2Textures1k/nextControllerBoth_properties1kGLTF.tga
  artifactKey: Guid(43f9701da3493ab468d9c90530a6becb) Importer(815301076,1909f56bfc062723c751e8b465ee728b)
Start importing Assets/oculus-controller-art-v1.5/Oculus Touch for Quest 2/quest2Textures1k/nextControllerBoth_properties1kGLTF.tga using Guid(43f9701da3493ab468d9c90530a6becb) Importer(815301076,1909f56bfc062723c751e8b465ee728b)  -> (artifact id: 'a18e98f2378894c78d996bd00076914b') in 0.001011 seconds
Number of updated asset objects reloaded before import = 0
Number of asset objects unloaded after import = 1
